<?xml version="1.0" encoding="UTF-8"?>
<testng-results ignored="0" total="1" passed="1" failed="0" skipped="0">
  <reporter-output>
  </reporter-output>
  <suite started-at="2022-08-16T19:58:33 IST" name="Suite" finished-at="2022-08-16T19:59:32 IST" duration-ms="58905">
    <groups>
    </groups>
    <test started-at="2022-08-16T19:58:33 IST" name="Test" finished-at="2022-08-16T19:59:32 IST" duration-ms="58905">
      <class name="TestFile.Donate_E2E_Test">
        <test-method is-config="true" signature="navigateUrl()[pri:0, instance:TestFile.Donate_E2E_Test@6979efad]" started-at="2022-08-16T19:58:33 IST" name="navigateUrl" finished-at="2022-08-16T19:58:52 IST" duration-ms="18863" status="PASS">
          <reporter-output>
          </reporter-output>
        </test-method> <!-- navigateUrl -->
        <test-method signature="verify_donation_is_done_successfully(java.lang.String,java.lang.String,java.lang.String,java.lang.String,java.lang.String,java.lang.String,java.lang.String,java.lang.String,java.lang.String,java.lang.String,java.lang.String,java.lang.String,java.lang.String)[pri:0, instance:TestFile.Donate_E2E_Test@6979efad]" started-at="2022-08-16T19:58:52 IST" name="verify_donation_is_done_successfully" data-provider="details" finished-at="2022-08-16T19:59:32 IST" duration-ms="39456" status="PASS">
          <params>
            <param index="0">
              <value>
                <![CDATA[Boy]]>
              </value>
            </param>
            <param index="1">
              <value>
                <![CDATA[7]]>
              </value>
            </param>
            <param index="2">
              <value>
                <![CDATA[Alamin]]>
              </value>
            </param>
            <param index="3">
              <value>
                <![CDATA[Test]]>
              </value>
            </param>
            <param index="4">
              <value>
                <![CDATA[Test]]>
              </value>
            </param>
            <param index="5">
              <value>
                <![CDATA[Test]]>
              </value>
            </param>
            <param index="6">
              <value>
                <![CDATA[New York]]>
              </value>
            </param>
            <param index="7">
              <value>
                <![CDATA[New York]]>
              </value>
            </param>
            <param index="8">
              <value>
                <![CDATA[10001]]>
              </value>
            </param>
            <param index="9">
              <value>
                <![CDATA[san@gee.com]]>
              </value>
            </param>
            <param index="10">
              <value>
                <![CDATA[7909123123]]>
              </value>
            </param>
            <param index="11">
              <value>
                <![CDATA[4111 1111 1111 1111]]>
              </value>
            </param>
            <param index="12">
              <value>
                <![CDATA[04/25]]>
              </value>
            </param>
          </params>
          <reporter-output>
          </reporter-output>
        </test-method> <!-- verify_donation_is_done_successfully -->
        <test-method is-config="true" signature="terminate()[pri:0, instance:TestFile.Donate_E2E_Test@6979efad]" started-at="2022-08-16T19:59:32 IST" name="terminate" finished-at="2022-08-16T19:59:32 IST" duration-ms="385" status="PASS">
          <reporter-output>
          </reporter-output>
        </test-method> <!-- terminate -->
      </class> <!-- TestFile.Donate_E2E_Test -->
    </test> <!-- Test -->
  </suite> <!-- Suite -->
</testng-results>
